TN:
SF:test/average.js
FN:12,getAverage
FNF:1
FNH:1
FNDA:4,getAverage
DA:1,1
DA:2,1
DA:3,1
DA:4,1
DA:5,1
DA:6,1
DA:7,1
DA:8,1
DA:9,1
DA:10,1
DA:11,1
DA:12,4
DA:13,4
DA:14,1
DA:15,1
DA:16,4
DA:17,1
DA:18,1
DA:19,2
DA:20,6
DA:21,1
DA:22,1
DA:23,5
DA:24,2
DA:25,2
DA:26,2
DA:27,1
DA:28,1
DA:29,1
DA:30,1
DA:31,1
DA:32,1
LF:32
LH:32
BRDA:12,0,0,4
BRDA:13,1,0,1
BRDA:15,2,0,3
BRDA:16,3,0,1
BRDA:18,4,0,2
BRDA:19,5,0,6
BRDA:20,6,0,5
BRDA:20,7,0,1
BRDA:22,8,0,5
BRF:9
BRH:9
end_of_record
TN:
SF:test/sum.js
FN:1,sum
FNF:1
FNH:1
FNDA:1,sum
DA:1,1
DA:2,1
DA:3,1
DA:4,1
DA:5,1
LF:5
LH:5
BRDA:1,0,0,1
BRF:1
BRH:1
end_of_record
